<?xml version="1.0" encoding="UTF-8"?>
<testsuite name="com.inflearn.array.피보나치수열.MainTest" tests="1" skipped="0" failures="0" errors="0" timestamp="2022-06-13T14:58:07" hostname="MIN" time="0.02">
  <properties/>
  <testcase name="solution()" classname="com.inflearn.array.피보나치수열.MainTest" time="0.02"/>
  <system-out><![CDATA[]]></system-out>
  <system-err><![CDATA[]]></system-err>
</testsuite>
